1566587020228	mozrunner::runner	INFO	Running command: "/usr/bin/firefox" "-marionette" "-foreground" "-no-remote" "-profile" "/tmp/rust_mozprofile.KgFteBDki0vf"
1566587020767	addons.webextension.screenshots@mozilla.org	WARN	Loading extension 'screenshots@mozilla.org': Reading manifest: Invalid extension permission: mozillaAddons
1566587020767	addons.webextension.screenshots@mozilla.org	WARN	Loading extension 'screenshots@mozilla.org': Reading manifest: Invalid extension permission: telemetry
1566587020768	addons.webextension.screenshots@mozilla.org	WARN	Loading extension 'screenshots@mozilla.org': Reading manifest: Invalid extension permission: resource://pdf.js/
1566587020768	addons.webextension.screenshots@mozilla.org	WARN	Loading extension 'screenshots@mozilla.org': Reading manifest: Invalid extension permission: about:reader*
1566587022812	Marionette	INFO	Listening on port 40467
1566587022840	Marionette	WARN	TLS certificate errors will be ignored for this session
1566587069351	mozrunner::runner	INFO	Running command: "/usr/bin/firefox" "-marionette" "-foreground" "-no-remote" "-profile" "/tmp/rust_mozprofile.igmGbvkG2obW"
1566587069846	addons.webextension.screenshots@mozilla.org	WARN	Loading extension 'screenshots@mozilla.org': Reading manifest: Invalid extension permission: mozillaAddons
1566587069846	addons.webextension.screenshots@mozilla.org	WARN	Loading extension 'screenshots@mozilla.org': Reading manifest: Invalid extension permission: telemetry
1566587069846	addons.webextension.screenshots@mozilla.org	WARN	Loading extension 'screenshots@mozilla.org': Reading manifest: Invalid extension permission: resource://pdf.js/
1566587069847	addons.webextension.screenshots@mozilla.org	WARN	Loading extension 'screenshots@mozilla.org': Reading manifest: Invalid extension permission: about:reader*
1566587071886	Marionette	INFO	Listening on port 44095
1566587071989	Marionette	WARN	TLS certificate errors will be ignored for this session
[Parent 12460, Gecko_IOThread] WARNING: pipe error (77): Connection reset by peer: file /build/firefox-qCOyDf/firefox-68.0.2+build1/ipc/chromium/src/chrome/common/ipc_channel_posix.cc, line 358
[Parent 12460, Gecko_IOThread] WARNING: pipe error (91): Connection reset by peer: file /build/firefox-qCOyDf/firefox-68.0.2+build1/ipc/chromium/src/chrome/common/ipc_channel_posix.cc, line 358
1566587123060	Marionette	INFO	Stopped listening on port 44095
1566587359257	mozrunner::runner	INFO	Running command: "/usr/bin/firefox" "-marionette" "-foreground" "-no-remote" "-profile" "/tmp/rust_mozprofile.bvdPXpgjO8dz"
1566587359769	addons.webextension.screenshots@mozilla.org	WARN	Loading extension 'screenshots@mozilla.org': Reading manifest: Invalid extension permission: mozillaAddons
1566587359769	addons.webextension.screenshots@mozilla.org	WARN	Loading extension 'screenshots@mozilla.org': Reading manifest: Invalid extension permission: telemetry
1566587359769	addons.webextension.screenshots@mozilla.org	WARN	Loading extension 'screenshots@mozilla.org': Reading manifest: Invalid extension permission: resource://pdf.js/
1566587359769	addons.webextension.screenshots@mozilla.org	WARN	Loading extension 'screenshots@mozilla.org': Reading manifest: Invalid extension permission: about:reader*
1566587361838	Marionette	INFO	Listening on port 41293
1566587361868	Marionette	WARN	TLS certificate errors will be ignored for this session
1566587367119	Marionette	INFO	Stopped listening on port 41293
1566587848697	mozrunner::runner	INFO	Running command: "/usr/bin/firefox" "-marionette" "-foreground" "-no-remote" "-profile" "/tmp/rust_mozprofile.1mgSwVVX0hbQ"
1566587849207	addons.webextension.screenshots@mozilla.org	WARN	Loading extension 'screenshots@mozilla.org': Reading manifest: Invalid extension permission: mozillaAddons
1566587849207	addons.webextension.screenshots@mozilla.org	WARN	Loading extension 'screenshots@mozilla.org': Reading manifest: Invalid extension permission: telemetry
1566587849207	addons.webextension.screenshots@mozilla.org	WARN	Loading extension 'screenshots@mozilla.org': Reading manifest: Invalid extension permission: resource://pdf.js/
1566587849207	addons.webextension.screenshots@mozilla.org	WARN	Loading extension 'screenshots@mozilla.org': Reading manifest: Invalid extension permission: about:reader*
1566587851144	Marionette	INFO	Listening on port 35829
1566587851204	Marionette	WARN	TLS certificate errors will be ignored for this session
1566587935846	mozrunner::runner	INFO	Running command: "/usr/bin/firefox" "-marionette" "-foreground" "-no-remote" "-profile" "/tmp/rust_mozprofile.4ro8zThKzgEL"
1566587936343	addons.webextension.screenshots@mozilla.org	WARN	Loading extension 'screenshots@mozilla.org': Reading manifest: Invalid extension permission: mozillaAddons
1566587936343	addons.webextension.screenshots@mozilla.org	WARN	Loading extension 'screenshots@mozilla.org': Reading manifest: Invalid extension permission: telemetry
1566587936343	addons.webextension.screenshots@mozilla.org	WARN	Loading extension 'screenshots@mozilla.org': Reading manifest: Invalid extension permission: resource://pdf.js/
1566587936343	addons.webextension.screenshots@mozilla.org	WARN	Loading extension 'screenshots@mozilla.org': Reading manifest: Invalid extension permission: about:reader*
1566587938490	Marionette	INFO	Listening on port 46355
1566587938555	Marionette	WARN	TLS certificate errors will be ignored for this session
1566587944143	Marionette	INFO	Stopped listening on port 46355
[Parent 14628, Gecko_IOThread] WARNING: pipe error (91): Connection reset by peer: file /build/firefox-qCOyDf/firefox-68.0.2+build1/ipc/chromium/src/chrome/common/ipc_channel_posix.cc, line 358
1566587945647	Marionette	INFO	Stopped listening on port 35829
1566587991219	mozrunner::runner	INFO	Running command: "/usr/bin/firefox" "-marionette" "-foreground" "-no-remote" "-profile" "/tmp/rust_mozprofile.7a9Wp6myOR3U"
1566587991755	addons.webextension.screenshots@mozilla.org	WARN	Loading extension 'screenshots@mozilla.org': Reading manifest: Invalid extension permission: mozillaAddons
1566587991755	addons.webextension.screenshots@mozilla.org	WARN	Loading extension 'screenshots@mozilla.org': Reading manifest: Invalid extension permission: telemetry
1566587991755	addons.webextension.screenshots@mozilla.org	WARN	Loading extension 'screenshots@mozilla.org': Reading manifest: Invalid extension permission: resource://pdf.js/
1566587991755	addons.webextension.screenshots@mozilla.org	WARN	Loading extension 'screenshots@mozilla.org': Reading manifest: Invalid extension permission: about:reader*
1566587993893	Marionette	INFO	Listening on port 38859
1566587993952	Marionette	WARN	TLS certificate errors will be ignored for this session
1566588028938	mozrunner::runner	INFO	Running command: "/usr/bin/firefox" "-marionette" "-foreground" "-no-remote" "-profile" "/tmp/rust_mozprofile.nrDxMRL3omYg"
1566588030136	addons.webextension.screenshots@mozilla.org	WARN	Loading extension 'screenshots@mozilla.org': Reading manifest: Invalid extension permission: mozillaAddons
1566588030136	addons.webextension.screenshots@mozilla.org	WARN	Loading extension 'screenshots@mozilla.org': Reading manifest: Invalid extension permission: telemetry
1566588030136	addons.webextension.screenshots@mozilla.org	WARN	Loading extension 'screenshots@mozilla.org': Reading manifest: Invalid extension permission: resource://pdf.js/
1566588030136	addons.webextension.screenshots@mozilla.org	WARN	Loading extension 'screenshots@mozilla.org': Reading manifest: Invalid extension permission: about:reader*
1566588032501	Marionette	INFO	Listening on port 35697
1566588032556	Marionette	WARN	TLS certificate errors will be ignored for this session
1566588055619	Marionette	INFO	Stopped listening on port 35697
[Parent 15115, Gecko_IOThread] WARNING: pipe error (85): Connection reset by peer: file /build/firefox-qCOyDf/firefox-68.0.2+build1/ipc/chromium/src/chrome/common/ipc_channel_posix.cc, line 358
1566588056459	Marionette	INFO	Stopped listening on port 38859
1566588099302	mozrunner::runner	INFO	Running command: "/usr/bin/firefox" "-marionette" "-foreground" "-no-remote" "-profile" "/tmp/rust_mozprofile.it1ZEuDkjJjE"
1566588099887	addons.webextension.screenshots@mozilla.org	WARN	Loading extension 'screenshots@mozilla.org': Reading manifest: Invalid extension permission: mozillaAddons
1566588099887	addons.webextension.screenshots@mozilla.org	WARN	Loading extension 'screenshots@mozilla.org': Reading manifest: Invalid extension permission: telemetry
1566588099887	addons.webextension.screenshots@mozilla.org	WARN	Loading extension 'screenshots@mozilla.org': Reading manifest: Invalid extension permission: resource://pdf.js/
1566588099887	addons.webextension.screenshots@mozilla.org	WARN	Loading extension 'screenshots@mozilla.org': Reading manifest: Invalid extension permission: about:reader*
1566588101961	Marionette	INFO	Listening on port 39517
1566588102017	Marionette	WARN	TLS certificate errors will be ignored for this session
JavaScript error: https://freesearchigrservice.maharashtra.gov.in/, line 1: TypeError: this.stop is not a function
JavaScript error: https://freesearchigrservice.maharashtra.gov.in/, line 1: TypeError: this.start is not a function
JavaScript error: https://freesearchigrservice.maharashtra.gov.in/, line 1: TypeError: this.stop is not a function
JavaScript error: https://freesearchigrservice.maharashtra.gov.in/, line 1: TypeError: this.start is not a function
1566588157857	mozrunner::runner	INFO	Running command: "/usr/bin/firefox" "-marionette" "-foreground" "-no-remote" "-profile" "/tmp/rust_mozprofile.8BsrwNOoYLWm"
1566588158429	addons.webextension.screenshots@mozilla.org	WARN	Loading extension 'screenshots@mozilla.org': Reading manifest: Invalid extension permission: mozillaAddons
1566588158429	addons.webextension.screenshots@mozilla.org	WARN	Loading extension 'screenshots@mozilla.org': Reading manifest: Invalid extension permission: telemetry
1566588158429	addons.webextension.screenshots@mozilla.org	WARN	Loading extension 'screenshots@mozilla.org': Reading manifest: Invalid extension permission: resource://pdf.js/
1566588158429	addons.webextension.screenshots@mozilla.org	WARN	Loading extension 'screenshots@mozilla.org': Reading manifest: Invalid extension permission: about:reader*
1566588160770	Marionette	INFO	Listening on port 41735
1566588160882	Marionette	WARN	TLS certificate errors will be ignored for this session
JavaScript warning: resource:///modules/UrlbarView.jsm, line 123: Array.reduce is deprecated; use Array.prototype.reduce instead

(/usr/lib/firefox/firefox:16097): dconf-WARNING **: 00:53:37.120: Unable to open /var/lib/snapd/desktop/dconf/profile/user: Permission denied
JavaScript error: chrome://browser/content/browser.js, line 3209: TypeError: Cc['@mozilla.org/security/certoverride;1'] is undefined
JavaScript error: chrome://browser/content/browser.js, line 3209: TypeError: Cc['@mozilla.org/security/certoverride;1'] is undefined
JavaScript error: chrome://browser/content/browser.js, line 3209: TypeError: Cc['@mozilla.org/security/certoverride;1'] is undefined
JavaScript error: chrome://browser/content/browser.js, line 3209: TypeError: Cc['@mozilla.org/security/certoverride;1'] is undefined
JavaScript error: chrome://browser/content/browser.js, line 3209: TypeError: Cc['@mozilla.org/security/certoverride;1'] is undefined
JavaScript error: chrome://browser/content/browser.js, line 3209: TypeError: Cc['@mozilla.org/security/certoverride;1'] is undefined
JavaScript error: chrome://browser/content/browser.js, line 3209: TypeError: Cc['@mozilla.org/security/certoverride;1'] is undefined
JavaScript error: chrome://browser/content/browser.js, line 3209: TypeError: Cc['@mozilla.org/security/certoverride;1'] is undefined
JavaScript error: chrome://browser/content/browser.js, line 3209: TypeError: Cc['@mozilla.org/security/certoverride;1'] is undefined
JavaScript error: chrome://browser/content/browser.js, line 3209: TypeError: Cc['@mozilla.org/security/certoverride;1'] is undefined
JavaScript error: chrome://browser/content/browser.js, line 3209: TypeError: Cc['@mozilla.org/security/certoverride;1'] is undefined
JavaScript error: chrome://browser/content/browser.js, line 3209: TypeError: Cc['@mozilla.org/security/certoverride;1'] is undefined
JavaScript error: chrome://browser/content/browser.js, line 3209: TypeError: Cc['@mozilla.org/security/certoverride;1'] is undefined
JavaScript error: chrome://browser/content/browser.js, line 3209: TypeError: Cc['@mozilla.org/security/certoverride;1'] is undefined
JavaScript error: chrome://browser/content/browser.js, line 3209: TypeError: Cc['@mozilla.org/security/certoverride;1'] is undefined
JavaScript error: chrome://browser/content/browser.js, line 3209: TypeError: Cc['@mozilla.org/security/certoverride;1'] is undefined
JavaScript error: chrome://browser/content/browser.js, line 3209: TypeError: Cc['@mozilla.org/security/certoverride;1'] is undefined
JavaScript error: chrome://browser/content/browser.js, line 3209: TypeError: Cc['@mozilla.org/security/certoverride;1'] is undefined
JavaScript error: chrome://browser/content/browser.js, line 3209: TypeError: Cc['@mozilla.org/security/certoverride;1'] is undefined
JavaScript error: https://freesearchigrservice.maharashtra.gov.in/, line 1: TypeError: this.stop is not a function
JavaScript error: https://freesearchigrservice.maharashtra.gov.in/, line 1: TypeError: this.start is not a function
JavaScript error: https://freesearchigrservice.maharashtra.gov.in/, line 1: TypeError: this.stop is not a function
JavaScript error: https://freesearchigrservice.maharashtra.gov.in/, line 1: TypeError: this.start is not a function
[Parent 15942, Gecko_IOThread] WARNING: pipe error (85): Connection reset by peer: file /build/firefox-qCOyDf/firefox-68.0.2+build1/ipc/chromium/src/chrome/common/ipc_channel_posix.cc, line 358
[Parent 15942, Gecko_IOThread] WARNING: pipe error (77): Connection reset by peer: file /build/firefox-qCOyDf/firefox-68.0.2+build1/ipc/chromium/src/chrome/common/ipc_channel_posix.cc, line 358
1566588324012	Marionette	INFO	Stopped listening on port 41735
[Parent 15586, Gecko_IOThread] WARNING: pipe error (85): Connection reset by peer: file /build/firefox-qCOyDf/firefox-68.0.2+build1/ipc/chromium/src/chrome/common/ipc_channel_posix.cc, line 358
[Parent 15586, Gecko_IOThread] WARNING: pipe error (77): Connection reset by peer: file /build/firefox-qCOyDf/firefox-68.0.2+build1/ipc/chromium/src/chrome/common/ipc_channel_posix.cc, line 358
1566588327044	Marionette	INFO	Stopped listening on port 39517
